{"uid":"a8cee384975d3d51","name":"test_add_all_products_to_cart","fullName":"tests.test_products_page.TestProductsPage#test_add_all_products_to_cart","historyId":"38a4409ef6f610cab6b57359ace85921","time":{"start":1767157626937,"stop":1767157626937,"duration":0},"status":"broken","statusMessage":"selenium.common.exceptions.TimeoutException: Message: \nStacktrace:\n0   chromedriver                        0x00000001014e8b2c cxxbridge1$str$ptr + 3033596\n1   chromedriver                        0x00000001014e0b30 cxxbridge1$str$ptr + 3000832\n2   chromedriver                        0x0000000100fdab0c _RNvCsgXDX2mvAJAg_7___rustc35___rust_no_alloc_shim_is_unstable_v2 + 74196\n3   chromedriver                        0x00000001010219c8 _RNvCsgXDX2mvAJAg_7___rustc35___rust_no_alloc_shim_is_unstable_v2 + 364688\n4   chromedriver                        0x0000000101062968 _RNvCsgXDX2mvAJAg_7___rustc35___rust_no_alloc_shim_is_unstable_v2 + 630832\n5   chromedriver                        0x000000010101616c _RNvCsgXDX2mvAJAg_7___rustc35___rust_no_alloc_shim_is_unstable_v2 + 317492\n6   chromedriver                        0x00000001014ac098 cxxbridge1$str$ptr + 2785128\n7   chromedriver                        0x00000001014af804 cxxbridge1$str$ptr + 2799316\n8   chromedriver                        0x000000010148c850 cxxbridge1$str$ptr + 2656032\n9   chromedriver                        0x00000001014b0074 cxxbridge1$str$ptr + 2801476\n10  chromedriver                        0x000000010147d1cc cxxbridge1$str$ptr + 2592924\n11  chromedriver                        0x00000001014cfcb4 cxxbridge1$str$ptr + 2931588\n12  chromedriver                        0x00000001014cfe34 cxxbridge1$str$ptr + 2931972\n13  chromedriver                        0x00000001014e0788 cxxbridge1$str$ptr + 2999896\n14  libsystem_pthread.dylib             0x000000019f45fc0c _pthread_start + 136\n15  libsystem_pthread.dylib             0x000000019f45ab80 thread_start + 8","statusTrace":"self = <pages.login_page.LoginPage object at 0x1062460d0>, username = 'standard_user', password = 'secret_sauce'\n\n    def login(self, username, password):\n        self.wait.until(EC.visibility_of_element_located(self.LOGIN_CONTAINER))\n        self.log.info(\"✅ Login container is visible\")\n        username_elem = self.driver.find_element(*self.USERNAME_INPUT)\n        username_elem.send_keys(username)\n        password_elem = self.driver.find_element(*self.PASSWORD_INPUT)\n        password_elem.send_keys(password)\n        login_elem = self.wait.until(EC.element_to_be_clickable(self.LOGIN_BUTTON))\n        login_elem.click()\n        try:\n>           cart_icon = self.wait.until(EC.visibility_of_element_located(self.CART_ICON))\n\npages/login_page.py:97: \n_ _ _ _ _ _ _ _ _ _ _ _ _ _ _ _ _ _ _ _ _ _ _ _ _ _ _ _ _ _ _ _ _ _ _ _ _ _ _ _ _ _ _ _ _ _ _ _ _ _ _ _ _ _ _ _ _ _ _ _ _ _ _ _ _ _ _ _ _ _ _ _ _ _ _ _ _ _ _ _ _ _ _ _ _ _ _ _ _ _ _ _ _ _ _\n\nself = <selenium.webdriver.support.wait.WebDriverWait (session=\"d09b39d290f62015d69ff21ef41efe0a\")>, method = <function visibility_of_element_located.<locals>._predicate at 0x1061bdb80>\nmessage = ''\n\n    def until(self, method: Callable[[D], Union[Literal[False], T]], message: str = \"\") -> T:\n        \"\"\"Wait until the method returns a value that is not False.\n    \n        Calls the method provided with the driver as an argument until the\n        return value does not evaluate to ``False``.\n    \n        Parameters:\n        -----------\n        method: callable(WebDriver)\n            - A callable object that takes a WebDriver instance as an argument.\n    \n        message: str\n            - Optional message for :exc:`TimeoutException`\n    \n        Return:\n        -------\n        object: T\n            - The result of the last call to `method`\n    \n        Raises:\n        -------\n        TimeoutException\n            - If 'method' does not return a truthy value within the WebDriverWait\n            object's timeout\n    \n        Example:\n        --------\n        >>> from selenium.webdriver.common.by import By\n        >>> from selenium.webdriver.support.ui import WebDriverWait\n        >>> from selenium.webdriver.support import expected_conditions as EC\n    \n        # Wait until an element is visible on the page\n        >>> wait = WebDriverWait(driver, 10)\n        >>> element = wait.until(EC.visibility_of_element_located((By.ID, \"exampleId\")))\n        >>> print(element.text)\n        \"\"\"\n        screen = None\n        stacktrace = None\n    \n        end_time = time.monotonic() + self._timeout\n        while True:\n            try:\n                value = method(self._driver)\n                if value:\n                    return value\n            except self._ignored_exceptions as exc:\n                screen = getattr(exc, \"screen\", None)\n                stacktrace = getattr(exc, \"stacktrace\", None)\n            if time.monotonic() > end_time:\n                break\n            time.sleep(self._poll)\n>       raise TimeoutException(message, screen, stacktrace)\nE       selenium.common.exceptions.TimeoutException: Message: \nE       Stacktrace:\nE       0   chromedriver                        0x00000001014e8b2c cxxbridge1$str$ptr + 3033596\nE       1   chromedriver                        0x00000001014e0b30 cxxbridge1$str$ptr + 3000832\nE       2   chromedriver                        0x0000000100fdab0c _RNvCsgXDX2mvAJAg_7___rustc35___rust_no_alloc_shim_is_unstable_v2 + 74196\nE       3   chromedriver                        0x00000001010219c8 _RNvCsgXDX2mvAJAg_7___rustc35___rust_no_alloc_shim_is_unstable_v2 + 364688\nE       4   chromedriver                        0x0000000101062968 _RNvCsgXDX2mvAJAg_7___rustc35___rust_no_alloc_shim_is_unstable_v2 + 630832\nE       5   chromedriver                        0x000000010101616c _RNvCsgXDX2mvAJAg_7___rustc35___rust_no_alloc_shim_is_unstable_v2 + 317492\nE       6   chromedriver                        0x00000001014ac098 cxxbridge1$str$ptr + 2785128\nE       7   chromedriver                        0x00000001014af804 cxxbridge1$str$ptr + 2799316\nE       8   chromedriver                        0x000000010148c850 cxxbridge1$str$ptr + 2656032\nE       9   chromedriver                        0x00000001014b0074 cxxbridge1$str$ptr + 2801476\nE       10  chromedriver                        0x000000010147d1cc cxxbridge1$str$ptr + 2592924\nE       11  chromedriver                        0x00000001014cfcb4 cxxbridge1$str$ptr + 2931588\nE       12  chromedriver                        0x00000001014cfe34 cxxbridge1$str$ptr + 2931972\nE       13  chromedriver                        0x00000001014e0788 cxxbridge1$str$ptr + 2999896\nE       14  libsystem_pthread.dylib             0x000000019f45fc0c _pthread_start + 136\nE       15  libsystem_pthread.dylib             0x000000019f45ab80 thread_start + 8\n\n.venv/lib/python3.9/site-packages/selenium/webdriver/support/wait.py:138: TimeoutException\n\nDuring handling of the above exception, another exception occurred:\n\nself = <test_products_page.TestProductsPage object at 0x106025cd0>, driver = <selenium.webdriver.chrome.webdriver.WebDriver (session=\"d09b39d290f62015d69ff21ef41efe0a\")>\n\n    @pytest.fixture(autouse=True)\n    def setup(self, driver):\n        \"\"\"Login and navigate to products page before each test\"\"\"\n        login_page = LoginPage(driver)\n        login_page.open_login_page()\n>       login_page.login(\"standard_user\", \"secret_sauce\")\n\ntests/test_products_page.py:15: \n_ _ _ _ _ _ _ _ _ _ _ _ _ _ _ _ _ _ _ _ _ _ _ _ _ _ _ _ _ _ _ _ _ _ _ _ _ _ _ _ _ _ _ _ _ _ _ _ _ _ _ _ _ _ _ _ _ _ _ _ _ _ _ _ _ _ _ _ _ _ _ _ _ _ _ _ _ _ _ _ _ _ _ _ _ _ _ _ _ _ _ _ _ _ _\npages/login_page.py:101: in login\n    error_element = self.wait.until(EC.visibility_of_element_located(self.ERROR_MESSAGE))\n_ _ _ _ _ _ _ _ _ _ _ _ _ _ _ _ _ _ _ _ _ _ _ _ _ _ _ _ _ _ _ _ _ _ _ _ _ _ _ _ _ _ _ _ _ _ _ _ _ _ _ _ _ _ _ _ _ _ _ _ _ _ _ _ _ _ _ _ _ _ _ _ _ _ _ _ _ _ _ _ _ _ _ _ _ _ _ _ _ _ _ _ _ _ _\n\nself = <selenium.webdriver.support.wait.WebDriverWait (session=\"d09b39d290f62015d69ff21ef41efe0a\")>, method = <function visibility_of_element_located.<locals>._predicate at 0x106298040>\nmessage = ''\n\n    def until(self, method: Callable[[D], Union[Literal[False], T]], message: str = \"\") -> T:\n        \"\"\"Wait until the method returns a value that is not False.\n    \n        Calls the method provided with the driver as an argument until the\n        return value does not evaluate to ``False``.\n    \n        Parameters:\n        -----------\n        method: callable(WebDriver)\n            - A callable object that takes a WebDriver instance as an argument.\n    \n        message: str\n            - Optional message for :exc:`TimeoutException`\n    \n        Return:\n        -------\n        object: T\n            - The result of the last call to `method`\n    \n        Raises:\n        -------\n        TimeoutException\n            - If 'method' does not return a truthy value within the WebDriverWait\n            object's timeout\n    \n        Example:\n        --------\n        >>> from selenium.webdriver.common.by import By\n        >>> from selenium.webdriver.support.ui import WebDriverWait\n        >>> from selenium.webdriver.support import expected_conditions as EC\n    \n        # Wait until an element is visible on the page\n        >>> wait = WebDriverWait(driver, 10)\n        >>> element = wait.until(EC.visibility_of_element_located((By.ID, \"exampleId\")))\n        >>> print(element.text)\n        \"\"\"\n        screen = None\n        stacktrace = None\n    \n        end_time = time.monotonic() + self._timeout\n        while True:\n            try:\n                value = method(self._driver)\n                if value:\n                    return value\n            except self._ignored_exceptions as exc:\n                screen = getattr(exc, \"screen\", None)\n                stacktrace = getattr(exc, \"stacktrace\", None)\n            if time.monotonic() > end_time:\n                break\n            time.sleep(self._poll)\n>       raise TimeoutException(message, screen, stacktrace)\nE       selenium.common.exceptions.TimeoutException: Message: \nE       Stacktrace:\nE       0   chromedriver                        0x00000001014e8b2c cxxbridge1$str$ptr + 3033596\nE       1   chromedriver                        0x00000001014e0b30 cxxbridge1$str$ptr + 3000832\nE       2   chromedriver                        0x0000000100fdab0c _RNvCsgXDX2mvAJAg_7___rustc35___rust_no_alloc_shim_is_unstable_v2 + 74196\nE       3   chromedriver                        0x00000001010219c8 _RNvCsgXDX2mvAJAg_7___rustc35___rust_no_alloc_shim_is_unstable_v2 + 364688\nE       4   chromedriver                        0x0000000101062968 _RNvCsgXDX2mvAJAg_7___rustc35___rust_no_alloc_shim_is_unstable_v2 + 630832\nE       5   chromedriver                        0x000000010101616c _RNvCsgXDX2mvAJAg_7___rustc35___rust_no_alloc_shim_is_unstable_v2 + 317492\nE       6   chromedriver                        0x00000001014ac098 cxxbridge1$str$ptr + 2785128\nE       7   chromedriver                        0x00000001014af804 cxxbridge1$str$ptr + 2799316\nE       8   chromedriver                        0x000000010148c850 cxxbridge1$str$ptr + 2656032\nE       9   chromedriver                        0x00000001014b0074 cxxbridge1$str$ptr + 2801476\nE       10  chromedriver                        0x000000010147d1cc cxxbridge1$str$ptr + 2592924\nE       11  chromedriver                        0x00000001014cfcb4 cxxbridge1$str$ptr + 2931588\nE       12  chromedriver                        0x00000001014cfe34 cxxbridge1$str$ptr + 2931972\nE       13  chromedriver                        0x00000001014e0788 cxxbridge1$str$ptr + 2999896\nE       14  libsystem_pthread.dylib             0x000000019f45fc0c _pthread_start + 136\nE       15  libsystem_pthread.dylib             0x000000019f45ab80 thread_start + 8\n\n.venv/lib/python3.9/site-packages/selenium/webdriver/support/wait.py:138: TimeoutException","flaky":false,"newFailed":false,"newBroken":false,"newPassed":false,"retriesCount":0,"retriesStatusChange":false,"beforeStages":[{"name":"driver","time":{"start":1767157623514,"stop":1767157624259,"duration":745},"status":"passed","steps":[],"attachments":[],"parameters":[],"stepsCount":0,"shouldDisplayMessage":false,"attachmentsCount":0,"hasContent":false,"attachmentStep":false},{"name":"setup","time":{"start":1767157626937,"stop":1767157647479,"duration":20542},"status":"broken","statusMessage":"selenium.common.exceptions.TimeoutException: Message: \nStacktrace:\n0   chromedriver                        0x00000001014e8b2c cxxbridge1$str$ptr + 3033596\n1   chromedriver                        0x00000001014e0b30 cxxbridge1$str$ptr + 3000832\n2   chromedriver                        0x0000000100fdab0c _RNvCsgXDX2mvAJAg_7___rustc35___rust_no_alloc_shim_is_unstable_v2 + 74196\n3   chromedriver                        0x00000001010219c8 _RNvCsgXDX2mvAJAg_7___rustc35___rust_no_alloc_shim_is_unstable_v2 + 364688\n4   chromedriver                        0x0000000101062968 _RNvCsgXDX2mvAJAg_7___rustc35___rust_no_alloc_shim_is_unstable_v2 + 630832\n5   chromedriver                        0x000000010101616c _RNvCsgXDX2mvAJAg_7___rustc35___rust_no_alloc_shim_is_unstable_v2 + 317492\n6   chromedriver                        0x00000001014ac098 cxxbridge1$str$ptr + 2785128\n7   chromedriver                        0x00000001014af804 cxxbridge1$str$ptr + 2799316\n8   chromedriver                        0x000000010148c850 cxxbridge1$str$ptr + 2656032\n9   chromedriver                        0x00000001014b0074 cxxbridge1$str$ptr + 2801476\n10  chromedriver                        0x000000010147d1cc cxxbridge1$str$ptr + 2592924\n11  chromedriver                        0x00000001014cfcb4 cxxbridge1$str$ptr + 2931588\n12  chromedriver                        0x00000001014cfe34 cxxbridge1$str$ptr + 2931972\n13  chromedriver                        0x00000001014e0788 cxxbridge1$str$ptr + 2999896\n14  libsystem_pthread.dylib             0x000000019f45fc0c _pthread_start + 136\n15  libsystem_pthread.dylib             0x000000019f45ab80 thread_start + 8\n\n","statusTrace":"  File \"/Users/shoukat/selenium-python/.venv/lib/python3.9/site-packages/pluggy/_callers.py\", line 38, in run_old_style_hookwrapper\n    res = yield\n  File \"/Users/shoukat/selenium-python/.venv/lib/python3.9/site-packages/pluggy/_callers.py\", line 139, in _multicall\n    teardown.throw(exception)\n  File \"/Users/shoukat/selenium-python/.venv/lib/python3.9/site-packages/_pytest/setuponly.py\", line 36, in pytest_fixture_setup\n    return (yield)\n  File \"/Users/shoukat/selenium-python/.venv/lib/python3.9/site-packages/pluggy/_callers.py\", line 121, in _multicall\n    res = hook_impl.function(*args)\n  File \"/Users/shoukat/selenium-python/.venv/lib/python3.9/site-packages/_pytest/fixtures.py\", line 1196, in pytest_fixture_setup\n    result = call_fixture_func(fixturefunc, request, kwargs)\n  File \"/Users/shoukat/selenium-python/.venv/lib/python3.9/site-packages/_pytest/fixtures.py\", line 930, in call_fixture_func\n    fixture_result = fixturefunc(**kwargs)\n  File \"/Users/shoukat/selenium-python/tests/test_products_page.py\", line 15, in setup\n    login_page.login(\"standard_user\", \"secret_sauce\")\n  File \"/Users/shoukat/selenium-python/pages/login_page.py\", line 101, in login\n    error_element = self.wait.until(EC.visibility_of_element_located(self.ERROR_MESSAGE))\n  File \"/Users/shoukat/selenium-python/.venv/lib/python3.9/site-packages/selenium/webdriver/support/wait.py\", line 138, in until\n    raise TimeoutException(message, screen, stacktrace)\n","steps":[],"attachments":[],"parameters":[],"stepsCount":0,"shouldDisplayMessage":true,"attachmentsCount":0,"hasContent":true,"attachmentStep":false}],"testStage":{"status":"broken","statusMessage":"selenium.common.exceptions.TimeoutException: Message: \nStacktrace:\n0   chromedriver                        0x00000001014e8b2c cxxbridge1$str$ptr + 3033596\n1   chromedriver                        0x00000001014e0b30 cxxbridge1$str$ptr + 3000832\n2   chromedriver                        0x0000000100fdab0c _RNvCsgXDX2mvAJAg_7___rustc35___rust_no_alloc_shim_is_unstable_v2 + 74196\n3   chromedriver                        0x00000001010219c8 _RNvCsgXDX2mvAJAg_7___rustc35___rust_no_alloc_shim_is_unstable_v2 + 364688\n4   chromedriver                        0x0000000101062968 _RNvCsgXDX2mvAJAg_7___rustc35___rust_no_alloc_shim_is_unstable_v2 + 630832\n5   chromedriver                        0x000000010101616c _RNvCsgXDX2mvAJAg_7___rustc35___rust_no_alloc_shim_is_unstable_v2 + 317492\n6   chromedriver                        0x00000001014ac098 cxxbridge1$str$ptr + 2785128\n7   chromedriver                        0x00000001014af804 cxxbridge1$str$ptr + 2799316\n8   chromedriver                        0x000000010148c850 cxxbridge1$str$ptr + 2656032\n9   chromedriver                        0x00000001014b0074 cxxbridge1$str$ptr + 2801476\n10  chromedriver                        0x000000010147d1cc cxxbridge1$str$ptr + 2592924\n11  chromedriver                        0x00000001014cfcb4 cxxbridge1$str$ptr + 2931588\n12  chromedriver                        0x00000001014cfe34 cxxbridge1$str$ptr + 2931972\n13  chromedriver                        0x00000001014e0788 cxxbridge1$str$ptr + 2999896\n14  libsystem_pthread.dylib             0x000000019f45fc0c _pthread_start + 136\n15  libsystem_pthread.dylib             0x000000019f45ab80 thread_start + 8","statusTrace":"self = <pages.login_page.LoginPage object at 0x1062460d0>, username = 'standard_user', password = 'secret_sauce'\n\n    def login(self, username, password):\n        self.wait.until(EC.visibility_of_element_located(self.LOGIN_CONTAINER))\n        self.log.info(\"✅ Login container is visible\")\n        username_elem = self.driver.find_element(*self.USERNAME_INPUT)\n        username_elem.send_keys(username)\n        password_elem = self.driver.find_element(*self.PASSWORD_INPUT)\n        password_elem.send_keys(password)\n        login_elem = self.wait.until(EC.element_to_be_clickable(self.LOGIN_BUTTON))\n        login_elem.click()\n        try:\n>           cart_icon = self.wait.until(EC.visibility_of_element_located(self.CART_ICON))\n\npages/login_page.py:97: \n_ _ _ _ _ _ _ _ _ _ _ _ _ _ _ _ _ _ _ _ _ _ _ _ _ _ _ _ _ _ _ _ _ _ _ _ _ _ _ _ _ _ _ _ _ _ _ _ _ _ _ _ _ _ _ _ _ _ _ _ _ _ _ _ _ _ _ _ _ _ _ _ _ _ _ _ _ _ _ _ _ _ _ _ _ _ _ _ _ _ _ _ _ _ _\n\nself = <selenium.webdriver.support.wait.WebDriverWait (session=\"d09b39d290f62015d69ff21ef41efe0a\")>, method = <function visibility_of_element_located.<locals>._predicate at 0x1061bdb80>\nmessage = ''\n\n    def until(self, method: Callable[[D], Union[Literal[False], T]], message: str = \"\") -> T:\n        \"\"\"Wait until the method returns a value that is not False.\n    \n        Calls the method provided with the driver as an argument until the\n        return value does not evaluate to ``False``.\n    \n        Parameters:\n        -----------\n        method: callable(WebDriver)\n            - A callable object that takes a WebDriver instance as an argument.\n    \n        message: str\n            - Optional message for :exc:`TimeoutException`\n    \n        Return:\n        -------\n        object: T\n            - The result of the last call to `method`\n    \n        Raises:\n        -------\n        TimeoutException\n            - If 'method' does not return a truthy value within the WebDriverWait\n            object's timeout\n    \n        Example:\n        --------\n        >>> from selenium.webdriver.common.by import By\n        >>> from selenium.webdriver.support.ui import WebDriverWait\n        >>> from selenium.webdriver.support import expected_conditions as EC\n    \n        # Wait until an element is visible on the page\n        >>> wait = WebDriverWait(driver, 10)\n        >>> element = wait.until(EC.visibility_of_element_located((By.ID, \"exampleId\")))\n        >>> print(element.text)\n        \"\"\"\n        screen = None\n        stacktrace = None\n    \n        end_time = time.monotonic() + self._timeout\n        while True:\n            try:\n                value = method(self._driver)\n                if value:\n                    return value\n            except self._ignored_exceptions as exc:\n                screen = getattr(exc, \"screen\", None)\n                stacktrace = getattr(exc, \"stacktrace\", None)\n            if time.monotonic() > end_time:\n                break\n            time.sleep(self._poll)\n>       raise TimeoutException(message, screen, stacktrace)\nE       selenium.common.exceptions.TimeoutException: Message: \nE       Stacktrace:\nE       0   chromedriver                        0x00000001014e8b2c cxxbridge1$str$ptr + 3033596\nE       1   chromedriver                        0x00000001014e0b30 cxxbridge1$str$ptr + 3000832\nE       2   chromedriver                        0x0000000100fdab0c _RNvCsgXDX2mvAJAg_7___rustc35___rust_no_alloc_shim_is_unstable_v2 + 74196\nE       3   chromedriver                        0x00000001010219c8 _RNvCsgXDX2mvAJAg_7___rustc35___rust_no_alloc_shim_is_unstable_v2 + 364688\nE       4   chromedriver                        0x0000000101062968 _RNvCsgXDX2mvAJAg_7___rustc35___rust_no_alloc_shim_is_unstable_v2 + 630832\nE       5   chromedriver                        0x000000010101616c _RNvCsgXDX2mvAJAg_7___rustc35___rust_no_alloc_shim_is_unstable_v2 + 317492\nE       6   chromedriver                        0x00000001014ac098 cxxbridge1$str$ptr + 2785128\nE       7   chromedriver                        0x00000001014af804 cxxbridge1$str$ptr + 2799316\nE       8   chromedriver                        0x000000010148c850 cxxbridge1$str$ptr + 2656032\nE       9   chromedriver                        0x00000001014b0074 cxxbridge1$str$ptr + 2801476\nE       10  chromedriver                        0x000000010147d1cc cxxbridge1$str$ptr + 2592924\nE       11  chromedriver                        0x00000001014cfcb4 cxxbridge1$str$ptr + 2931588\nE       12  chromedriver                        0x00000001014cfe34 cxxbridge1$str$ptr + 2931972\nE       13  chromedriver                        0x00000001014e0788 cxxbridge1$str$ptr + 2999896\nE       14  libsystem_pthread.dylib             0x000000019f45fc0c _pthread_start + 136\nE       15  libsystem_pthread.dylib             0x000000019f45ab80 thread_start + 8\n\n.venv/lib/python3.9/site-packages/selenium/webdriver/support/wait.py:138: TimeoutException\n\nDuring handling of the above exception, another exception occurred:\n\nself = <test_products_page.TestProductsPage object at 0x106025cd0>, driver = <selenium.webdriver.chrome.webdriver.WebDriver (session=\"d09b39d290f62015d69ff21ef41efe0a\")>\n\n    @pytest.fixture(autouse=True)\n    def setup(self, driver):\n        \"\"\"Login and navigate to products page before each test\"\"\"\n        login_page = LoginPage(driver)\n        login_page.open_login_page()\n>       login_page.login(\"standard_user\", \"secret_sauce\")\n\ntests/test_products_page.py:15: \n_ _ _ _ _ _ _ _ _ _ _ _ _ _ _ _ _ _ _ _ _ _ _ _ _ _ _ _ _ _ _ _ _ _ _ _ _ _ _ _ _ _ _ _ _ _ _ _ _ _ _ _ _ _ _ _ _ _ _ _ _ _ _ _ _ _ _ _ _ _ _ _ _ _ _ _ _ _ _ _ _ _ _ _ _ _ _ _ _ _ _ _ _ _ _\npages/login_page.py:101: in login\n    error_element = self.wait.until(EC.visibility_of_element_located(self.ERROR_MESSAGE))\n_ _ _ _ _ _ _ _ _ _ _ _ _ _ _ _ _ _ _ _ _ _ _ _ _ _ _ _ _ _ _ _ _ _ _ _ _ _ _ _ _ _ _ _ _ _ _ _ _ _ _ _ _ _ _ _ _ _ _ _ _ _ _ _ _ _ _ _ _ _ _ _ _ _ _ _ _ _ _ _ _ _ _ _ _ _ _ _ _ _ _ _ _ _ _\n\nself = <selenium.webdriver.support.wait.WebDriverWait (session=\"d09b39d290f62015d69ff21ef41efe0a\")>, method = <function visibility_of_element_located.<locals>._predicate at 0x106298040>\nmessage = ''\n\n    def until(self, method: Callable[[D], Union[Literal[False], T]], message: str = \"\") -> T:\n        \"\"\"Wait until the method returns a value that is not False.\n    \n        Calls the method provided with the driver as an argument until the\n        return value does not evaluate to ``False``.\n    \n        Parameters:\n        -----------\n        method: callable(WebDriver)\n            - A callable object that takes a WebDriver instance as an argument.\n    \n        message: str\n            - Optional message for :exc:`TimeoutException`\n    \n        Return:\n        -------\n        object: T\n            - The result of the last call to `method`\n    \n        Raises:\n        -------\n        TimeoutException\n            - If 'method' does not return a truthy value within the WebDriverWait\n            object's timeout\n    \n        Example:\n        --------\n        >>> from selenium.webdriver.common.by import By\n        >>> from selenium.webdriver.support.ui import WebDriverWait\n        >>> from selenium.webdriver.support import expected_conditions as EC\n    \n        # Wait until an element is visible on the page\n        >>> wait = WebDriverWait(driver, 10)\n        >>> element = wait.until(EC.visibility_of_element_located((By.ID, \"exampleId\")))\n        >>> print(element.text)\n        \"\"\"\n        screen = None\n        stacktrace = None\n    \n        end_time = time.monotonic() + self._timeout\n        while True:\n            try:\n                value = method(self._driver)\n                if value:\n                    return value\n            except self._ignored_exceptions as exc:\n                screen = getattr(exc, \"screen\", None)\n                stacktrace = getattr(exc, \"stacktrace\", None)\n            if time.monotonic() > end_time:\n                break\n            time.sleep(self._poll)\n>       raise TimeoutException(message, screen, stacktrace)\nE       selenium.common.exceptions.TimeoutException: Message: \nE       Stacktrace:\nE       0   chromedriver                        0x00000001014e8b2c cxxbridge1$str$ptr + 3033596\nE       1   chromedriver                        0x00000001014e0b30 cxxbridge1$str$ptr + 3000832\nE       2   chromedriver                        0x0000000100fdab0c _RNvCsgXDX2mvAJAg_7___rustc35___rust_no_alloc_shim_is_unstable_v2 + 74196\nE       3   chromedriver                        0x00000001010219c8 _RNvCsgXDX2mvAJAg_7___rustc35___rust_no_alloc_shim_is_unstable_v2 + 364688\nE       4   chromedriver                        0x0000000101062968 _RNvCsgXDX2mvAJAg_7___rustc35___rust_no_alloc_shim_is_unstable_v2 + 630832\nE       5   chromedriver                        0x000000010101616c _RNvCsgXDX2mvAJAg_7___rustc35___rust_no_alloc_shim_is_unstable_v2 + 317492\nE       6   chromedriver                        0x00000001014ac098 cxxbridge1$str$ptr + 2785128\nE       7   chromedriver                        0x00000001014af804 cxxbridge1$str$ptr + 2799316\nE       8   chromedriver                        0x000000010148c850 cxxbridge1$str$ptr + 2656032\nE       9   chromedriver                        0x00000001014b0074 cxxbridge1$str$ptr + 2801476\nE       10  chromedriver                        0x000000010147d1cc cxxbridge1$str$ptr + 2592924\nE       11  chromedriver                        0x00000001014cfcb4 cxxbridge1$str$ptr + 2931588\nE       12  chromedriver                        0x00000001014cfe34 cxxbridge1$str$ptr + 2931972\nE       13  chromedriver                        0x00000001014e0788 cxxbridge1$str$ptr + 2999896\nE       14  libsystem_pthread.dylib             0x000000019f45fc0c _pthread_start + 136\nE       15  libsystem_pthread.dylib             0x000000019f45ab80 thread_start + 8\n\n.venv/lib/python3.9/site-packages/selenium/webdriver/support/wait.py:138: TimeoutException","steps":[],"attachments":[{"uid":"50491ada55634684","name":"stderr","source":"50491ada55634684.txt","type":"text/plain","size":68}],"parameters":[],"stepsCount":0,"shouldDisplayMessage":true,"attachmentsCount":1,"hasContent":true,"attachmentStep":false},"afterStages":[{"name":"driver::0","time":{"start":1767157647806,"stop":1767157657888,"duration":10082},"status":"passed","steps":[],"attachments":[],"parameters":[],"stepsCount":0,"shouldDisplayMessage":false,"attachmentsCount":0,"hasContent":false,"attachmentStep":false}],"labels":[{"name":"parentSuite","value":"tests"},{"name":"suite","value":"test_products_page"},{"name":"subSuite","value":"TestProductsPage"},{"name":"host","value":"192.168.1.5"},{"name":"thread","value":"14613-MainThread"},{"name":"framework","value":"pytest"},{"name":"language","value":"cpython3"},{"name":"package","value":"tests.test_products_page"},{"name":"resultFormat","value":"allure2"}],"parameters":[],"links":[],"hidden":false,"retry":false,"extra":{"severity":"normal","retries":[],"categories":[{"name":"Test defects","matchedStatuses":[]}],"tags":[]},"source":"a8cee384975d3d51.json","parameterValues":[]}